<?xml version="1.0" encoding="UTF-8"?>
<!-- Generated by org.testng.reporters.JUnitXMLReporter -->
<testsuite hostname="Admins-MacBook-Pro-2.local" ignored="1" name="Command line test" tests="20" failures="1" timestamp="05 Jul 2019 02:59:17 GMT" time="6.809" errors="0">
  <testcase name="addAddress" time="0.001" classname="com.june.july.batch.TestNG.TestNgDemo3"/>
  <testcase name="addToCart" time="0.002" classname="com.june.july.batch.TestNG.TestNgDemo3"/>
  <testcase name="logOut" time="0.001" classname="com.june.july.batch.TestNG.TestNgDemo3"/>
  <testcase name="pdp" time="0.0" classname="com.june.july.batch.TestNG.TestNgDemo3"/>
  <testcase name="searchProduct" time="0.0" classname="com.june.july.batch.TestNG.TestNgDemo3"/>
  <testcase name="paymentCOd" time="0.001" classname="com.june.july.batch.TestNG.TestNgDemo3"/>
  <testcase name="addAddress" time="0.0" classname="com.june.july.batch.TestNG.TestNgDemo2"/>
  <testcase name="addToCart" time="0.0" classname="com.june.july.batch.TestNG.TestNgDemo2"/>
  <testcase name="logOut" time="0.003" classname="com.june.july.batch.TestNG.TestNgDemo2">
    <failure type="java.lang.AssertionError" message="Fail...">
      <![CDATA[java.lang.AssertionError: Fail...
at com.june.july.batch.TestNG.TestNgDemo2.logOut(TestNgDemo2.java:46)
... Removed 36 stack frames]]>
    </failure>
  </testcase> <!-- logOut -->
  <testcase name="paymentCOd" time="0.0" classname="com.june.july.batch.TestNG.TestNgDemo2">
    <skipped/>
  </testcase> <!-- paymentCOd -->
  <testcase name="pdp" time="0.0" classname="com.june.july.batch.TestNG.TestNgDemo2"/>
  <testcase name="plp" time="0.001" classname="com.june.july.batch.TestNG.TestNgDemo2"/>
  <testcase name="searchProduct" time="0.0" classname="com.june.july.batch.TestNG.TestNgDemo2"/>
  <testcase name="firstTest" time="0.0" classname="com.june.july.batch.TestNG.TestNGAnnotations"/>
  <testcase name="secondTest" time="0.0" classname="com.june.july.batch.TestNG.TestNGAnnotations"/>
  <testcase name="openBrowser" time="0.0" classname="com.june.july.batch.TestNG.TestNGAnnotation"/>
  <testcase name="addAddress" time="0.001" classname="com.june.july.batch.TestNG.TestNgDemo4"/>
  <testcase name="addToCart" time="0.001" classname="com.june.july.batch.TestNG.TestNgDemo4"/>
  <testcase name="pdp" time="0.0" classname="com.june.july.batch.TestNG.TestNgDemo4"/>
  <testcase name="searchProduct" time="0.0" classname="com.june.july.batch.TestNG.TestNgDemo4"/>
  <testcase name="login" time="0.0" classname="com.june.july.batch.TestNG.TestNGAnnotation">
    <ignored/>
  </testcase> <!-- login -->
</testsuite> <!-- Command line test -->
