<?xml version="1.0" encoding="UTF-8"?>
<testng-results skipped="1" failed="1" ignored="1" total="21" passed="18">
  <reporter-output>
  </reporter-output>
  <suite name="Command line suite" duration-ms="6809" started-at="2019-07-05T02:59:06Z" finished-at="2019-07-05T02:59:12Z">
    <groups>
    </groups>
    <test name="Command line test" duration-ms="6809" started-at="2019-07-05T02:59:06Z" finished-at="2019-07-05T02:59:12Z">
      <class name="com.june.july.batch.TestNG.TestNGAnnotation">
        <test-method status="PASS" signature="openBrowser()[pri:0, instance:com.june.july.batch.TestNG.TestNGAnnotation@5315b42e]" name="openBrowser" duration-ms="0" started-at="2019-07-05T02:59:11Z" finished-at="2019-07-05T02:59:11Z">
          <reporter-output>
          </reporter-output>
        </test-method> <!-- openBrowser -->
        <test-method status="PASS" signature="closeBrowser()[pri:0, instance:com.june.july.batch.TestNG.TestNGAnnotation@5315b42e]" name="closeBrowser" is-config="true" duration-ms="2" started-at="2019-07-05T02:59:12Z" finished-at="2019-07-05T02:59:12Z">
          <reporter-output>
          </reporter-output>
        </test-method> <!-- closeBrowser -->
        <test-method status="PASS" signature="teardownTests()[pri:0, instance:com.june.july.batch.TestNG.TestNGAnnotations@1324409e]" name="teardownTests" is-config="true" duration-ms="1" started-at="2019-07-05T02:59:12Z" finished-at="2019-07-05T02:59:12Z">
          <reporter-output>
          </reporter-output>
        </test-method> <!-- teardownTests -->
        <test-method status="PASS" signature="closeBrowser()[pri:0, instance:com.june.july.batch.TestNG.TestNgDemo@2c6a3f77]" name="closeBrowser" is-config="true" duration-ms="0" started-at="2019-07-05T02:59:12Z" finished-at="2019-07-05T02:59:12Z">
          <reporter-output>
          </reporter-output>
        </test-method> <!-- closeBrowser -->
      </class> <!-- com.june.july.batch.TestNG.TestNGAnnotation -->
      <class name="com.june.july.batch.TestNG.TestNGAnnotations">
        <test-method status="PASS" signature="setupSuite()[pri:0, instance:com.june.july.batch.TestNG.TestNGAnnotations@1324409e]" name="setupSuite" is-config="true" duration-ms="17" started-at="2019-07-05T02:59:06Z" finished-at="2019-07-05T02:59:06Z">
          <reporter-output>
          </reporter-output>
        </test-method> <!-- setupSuite -->
        <test-method status="PASS" signature="setupTests()[pri:0, instance:com.june.july.batch.TestNG.TestNGAnnotations@1324409e]" name="setupTests" is-config="true" duration-ms="1" started-at="2019-07-05T02:59:06Z" finished-at="2019-07-05T02:59:06Z">
          <reporter-output>
          </reporter-output>
        </test-method> <!-- setupTests -->
        <test-method status="PASS" signature="openBrowser()[pri:0, instance:com.june.july.batch.TestNG.TestNgDemo@2c6a3f77]" name="openBrowser" is-config="true" duration-ms="0" started-at="2019-07-05T02:59:06Z" finished-at="2019-07-05T02:59:06Z">
          <reporter-output>
          </reporter-output>
        </test-method> <!-- openBrowser -->
        <test-method status="PASS" signature="setupClass()[pri:0, instance:com.june.july.batch.TestNG.TestNGAnnotations@1324409e]" name="setupClass" is-config="true" duration-ms="2" started-at="2019-07-05T02:59:11Z" finished-at="2019-07-05T02:59:11Z">
          <reporter-output>
          </reporter-output>
        </test-method> <!-- setupClass -->
        <test-method status="PASS" signature="setupTest()[pri:0, instance:com.june.july.batch.TestNG.TestNGAnnotations@1324409e]" name="setupTest" is-config="true" duration-ms="0" started-at="2019-07-05T02:59:11Z" finished-at="2019-07-05T02:59:11Z">
          <reporter-output>
          </reporter-output>
        </test-method> <!-- setupTest -->
        <test-method status="PASS" signature="firstTest()[pri:0, instance:com.june.july.batch.TestNG.TestNGAnnotations@1324409e]" name="firstTest" duration-ms="0" started-at="2019-07-05T02:59:11Z" finished-at="2019-07-05T02:59:11Z">
          <reporter-output>
          </reporter-output>
        </test-method> <!-- firstTest -->
        <test-method status="PASS" signature="teardownTest()[pri:0, instance:com.june.july.batch.TestNG.TestNGAnnotations@1324409e]" name="teardownTest" is-config="true" duration-ms="1" started-at="2019-07-05T02:59:11Z" finished-at="2019-07-05T02:59:11Z">
          <reporter-output>
          </reporter-output>
        </test-method> <!-- teardownTest -->
        <test-method status="PASS" signature="setupTest()[pri:0, instance:com.june.july.batch.TestNG.TestNGAnnotations@1324409e]" name="setupTest" is-config="true" duration-ms="0" started-at="2019-07-05T02:59:11Z" finished-at="2019-07-05T02:59:11Z">
          <reporter-output>
          </reporter-output>
        </test-method> <!-- setupTest -->
        <test-method status="PASS" signature="teardownTest()[pri:0, instance:com.june.july.batch.TestNG.TestNGAnnotations@1324409e]" name="teardownTest" is-config="true" duration-ms="0" started-at="2019-07-05T02:59:11Z" finished-at="2019-07-05T02:59:11Z">
          <reporter-output>
          </reporter-output>
        </test-method> <!-- teardownTest -->
        <test-method status="PASS" signature="secondTest()[pri:0, instance:com.june.july.batch.TestNG.TestNGAnnotations@1324409e]" name="secondTest" duration-ms="0" started-at="2019-07-05T02:59:11Z" finished-at="2019-07-05T02:59:11Z">
          <reporter-output>
          </reporter-output>
        </test-method> <!-- secondTest -->
        <test-method status="PASS" signature="teardownClass()[pri:0, instance:com.june.july.batch.TestNG.TestNGAnnotations@1324409e]" name="teardownClass" is-config="true" duration-ms="0" started-at="2019-07-05T02:59:11Z" finished-at="2019-07-05T02:59:11Z">
          <reporter-output>
          </reporter-output>
        </test-method> <!-- teardownClass -->
        <test-method status="PASS" signature="teardownSuite()[pri:0, instance:com.june.july.batch.TestNG.TestNGAnnotations@1324409e]" name="teardownSuite" is-config="true" duration-ms="0" started-at="2019-07-05T02:59:18Z" finished-at="2019-07-05T02:59:18Z">
          <reporter-output>
          </reporter-output>
        </test-method> <!-- teardownSuite -->
      </class> <!-- com.june.july.batch.TestNG.TestNGAnnotations -->
      <class name="com.june.july.batch.TestNG.TestNgDemo3">
        <test-method status="PASS" signature="launchBrowser()[pri:0, instance:com.june.july.batch.TestNG.TestNgDemo3@246ae04d]" name="launchBrowser" is-config="true" duration-ms="2753" started-at="2019-07-05T02:59:06Z" finished-at="2019-07-05T02:59:08Z">
          <reporter-output>
          </reporter-output>
        </test-method> <!-- launchBrowser -->
        <test-method status="PASS" signature="addAddress()[pri:0, instance:com.june.july.batch.TestNG.TestNgDemo3@246ae04d]" name="addAddress" duration-ms="1" started-at="2019-07-05T02:59:08Z" finished-at="2019-07-05T02:59:08Z">
          <reporter-output>
          </reporter-output>
        </test-method> <!-- addAddress -->
        <test-method status="PASS" signature="report()[pri:0, instance:com.june.july.batch.TestNG.TestNgDemo3@246ae04d]" name="report" is-config="true" duration-ms="0" started-at="2019-07-05T02:59:08Z" finished-at="2019-07-05T02:59:08Z">
          <reporter-output>
          </reporter-output>
        </test-method> <!-- report -->
        <test-method status="PASS" signature="afterReport()[pri:0, instance:com.june.july.batch.TestNG.TestNgDemo3@246ae04d]" name="afterReport" is-config="true" duration-ms="0" started-at="2019-07-05T02:59:08Z" finished-at="2019-07-05T02:59:08Z">
          <reporter-output>
          </reporter-output>
        </test-method> <!-- afterReport -->
        <test-method status="PASS" signature="report()[pri:0, instance:com.june.july.batch.TestNG.TestNgDemo3@246ae04d]" name="report" is-config="true" duration-ms="3" started-at="2019-07-05T02:59:08Z" finished-at="2019-07-05T02:59:08Z">
          <reporter-output>
          </reporter-output>
        </test-method> <!-- report -->
        <test-method status="PASS" signature="addToCart()[pri:0, instance:com.june.july.batch.TestNG.TestNgDemo3@246ae04d]" name="addToCart" duration-ms="2" started-at="2019-07-05T02:59:08Z" finished-at="2019-07-05T02:59:08Z">
          <reporter-output>
          </reporter-output>
        </test-method> <!-- addToCart -->
        <test-method status="PASS" signature="afterReport()[pri:0, instance:com.june.july.batch.TestNG.TestNgDemo3@246ae04d]" name="afterReport" is-config="true" duration-ms="0" started-at="2019-07-05T02:59:08Z" finished-at="2019-07-05T02:59:08Z">
          <reporter-output>
          </reporter-output>
        </test-method> <!-- afterReport -->
        <test-method status="PASS" signature="logOut()[pri:0, instance:com.june.july.batch.TestNG.TestNgDemo3@246ae04d]" name="logOut" duration-ms="1" started-at="2019-07-05T02:59:08Z" finished-at="2019-07-05T02:59:08Z">
          <reporter-output>
          </reporter-output>
        </test-method> <!-- logOut -->
        <test-method status="PASS" signature="report()[pri:0, instance:com.june.july.batch.TestNG.TestNgDemo3@246ae04d]" name="report" is-config="true" duration-ms="0" started-at="2019-07-05T02:59:08Z" finished-at="2019-07-05T02:59:08Z">
          <reporter-output>
          </reporter-output>
        </test-method> <!-- report -->
        <test-method status="PASS" signature="afterReport()[pri:0, instance:com.june.july.batch.TestNG.TestNgDemo3@246ae04d]" name="afterReport" is-config="true" duration-ms="2" started-at="2019-07-05T02:59:08Z" finished-at="2019-07-05T02:59:08Z">
          <reporter-output>
          </reporter-output>
        </test-method> <!-- afterReport -->
        <test-method status="PASS" signature="report()[pri:0, instance:com.june.july.batch.TestNG.TestNgDemo3@246ae04d]" name="report" is-config="true" duration-ms="0" started-at="2019-07-05T02:59:08Z" finished-at="2019-07-05T02:59:08Z">
          <reporter-output>
          </reporter-output>
        </test-method> <!-- report -->
        <test-method status="PASS" signature="pdp()[pri:0, instance:com.june.july.batch.TestNG.TestNgDemo3@246ae04d]" name="pdp" duration-ms="0" started-at="2019-07-05T02:59:08Z" finished-at="2019-07-05T02:59:08Z">
          <reporter-output>
          </reporter-output>
        </test-method> <!-- pdp -->
        <test-method status="PASS" signature="report()[pri:0, instance:com.june.july.batch.TestNG.TestNgDemo3@246ae04d]" name="report" is-config="true" duration-ms="0" started-at="2019-07-05T02:59:08Z" finished-at="2019-07-05T02:59:08Z">
          <reporter-output>
          </reporter-output>
        </test-method> <!-- report -->
        <test-method status="PASS" signature="searchProduct()[pri:0, instance:com.june.july.batch.TestNG.TestNgDemo3@246ae04d]" name="searchProduct" duration-ms="0" started-at="2019-07-05T02:59:08Z" finished-at="2019-07-05T02:59:08Z">
          <reporter-output>
          </reporter-output>
        </test-method> <!-- searchProduct -->
        <test-method status="PASS" signature="afterReport()[pri:0, instance:com.june.july.batch.TestNG.TestNgDemo3@246ae04d]" name="afterReport" is-config="true" duration-ms="0" started-at="2019-07-05T02:59:08Z" finished-at="2019-07-05T02:59:08Z">
          <reporter-output>
          </reporter-output>
        </test-method> <!-- afterReport -->
        <test-method status="PASS" signature="paymentCOd()[pri:0, instance:com.june.july.batch.TestNG.TestNgDemo3@246ae04d]" name="paymentCOd" duration-ms="1" started-at="2019-07-05T02:59:08Z" finished-at="2019-07-05T02:59:08Z">
          <reporter-output>
          </reporter-output>
        </test-method> <!-- paymentCOd -->
        <test-method status="PASS" signature="afterReport()[pri:0, instance:com.june.july.batch.TestNG.TestNgDemo3@246ae04d]" name="afterReport" is-config="true" duration-ms="0" started-at="2019-07-05T02:59:08Z" finished-at="2019-07-05T02:59:08Z">
          <reporter-output>
          </reporter-output>
        </test-method> <!-- afterReport -->
        <test-method status="PASS" signature="report()[pri:0, instance:com.june.july.batch.TestNG.TestNgDemo3@246ae04d]" name="report" is-config="true" duration-ms="0" started-at="2019-07-05T02:59:08Z" finished-at="2019-07-05T02:59:08Z">
          <reporter-output>
          </reporter-output>
        </test-method> <!-- report -->
        <test-method status="PASS" signature="afterReport()[pri:0, instance:com.june.july.batch.TestNG.TestNgDemo3@246ae04d]" name="afterReport" is-config="true" duration-ms="21" started-at="2019-07-05T02:59:08Z" finished-at="2019-07-05T02:59:08Z">
          <reporter-output>
          </reporter-output>
        </test-method> <!-- afterReport -->
      </class> <!-- com.june.july.batch.TestNG.TestNgDemo3 -->
      <class name="com.june.july.batch.TestNG.TestNgDemo2">
        <test-method status="PASS" signature="launchBrowser()[pri:0, instance:com.june.july.batch.TestNG.TestNgDemo2@62043840]" name="launchBrowser" is-config="true" duration-ms="1901" started-at="2019-07-05T02:59:08Z" finished-at="2019-07-05T02:59:10Z">
          <reporter-output>
          </reporter-output>
        </test-method> <!-- launchBrowser -->
        <test-method status="PASS" signature="addAddress()[pri:0, instance:com.june.july.batch.TestNG.TestNgDemo2@62043840]" name="addAddress" duration-ms="0" started-at="2019-07-05T02:59:10Z" finished-at="2019-07-05T02:59:10Z">
          <reporter-output>
          </reporter-output>
        </test-method> <!-- addAddress -->
        <test-method status="PASS" signature="addToCart()[pri:0, instance:com.june.july.batch.TestNG.TestNgDemo2@62043840]" name="addToCart" duration-ms="0" started-at="2019-07-05T02:59:10Z" finished-at="2019-07-05T02:59:10Z">
          <reporter-output>
          </reporter-output>
        </test-method> <!-- addToCart -->
        <test-method status="FAIL" signature="logOut()[pri:0, instance:com.june.july.batch.TestNG.TestNgDemo2@62043840]" name="logOut" duration-ms="3" started-at="2019-07-05T02:59:10Z" finished-at="2019-07-05T02:59:10Z">
          <exception class="java.lang.AssertionError">
            <message>
              <![CDATA[Fail...]]>
            </message>
            <full-stacktrace>
              <![CDATA[java.lang.AssertionError: Fail...
at org.testng.Assert.fail(Assert.java:96)
at com.june.july.batch.TestNG.TestNgDemo2.logOut(TestNgDemo2.java:46)
at sun.reflect.NativeMethodAccessorImpl.invoke0(Native Method)
at sun.reflect.NativeMethodAccessorImpl.invoke(NativeMethodAccessorImpl.java:62)
at sun.reflect.DelegatingMethodAccessorImpl.invoke(DelegatingMethodAccessorImpl.java:43)
at java.lang.reflect.Method.invoke(Method.java:498)
at org.testng.internal.MethodInvocationHelper.invokeMethod(MethodInvocationHelper.java:124)
at org.testng.internal.Invoker.invokeMethod(Invoker.java:583)
at org.testng.internal.Invoker.invokeTestMethod(Invoker.java:719)
at org.testng.internal.Invoker.invokeTestMethods(Invoker.java:989)
at org.testng.internal.TestMethodWorker.invokeTestMethods(TestMethodWorker.java:125)
at org.testng.internal.TestMethodWorker.run(TestMethodWorker.java:109)
at org.testng.TestRunner.privateRun(TestRunner.java:648)
at org.testng.TestRunner.run(TestRunner.java:505)
at org.testng.SuiteRunner.runTest(SuiteRunner.java:455)
at org.testng.SuiteRunner.runSequentially(SuiteRunner.java:450)
at org.testng.SuiteRunner.privateRun(SuiteRunner.java:415)
at org.testng.SuiteRunner.run(SuiteRunner.java:364)
at org.testng.SuiteRunnerWorker.runSuite(SuiteRunnerWorker.java:52)
at org.testng.SuiteRunnerWorker.run(SuiteRunnerWorker.java:84)
at org.testng.TestNG.runSuitesSequentially(TestNG.java:1208)
at org.testng.TestNG.runSuitesLocally(TestNG.java:1137)
at org.testng.TestNG.runSuites(TestNG.java:1049)
at org.testng.TestNG.run(TestNG.java:1017)
at org.apache.maven.surefire.testng.TestNGExecutor.run(TestNGExecutor.java:77)
at org.apache.maven.surefire.testng.TestNGDirectoryTestSuite.executeMulti(TestNGDirectoryTestSuite.java:159)
at org.apache.maven.surefire.testng.TestNGDirectoryTestSuite.execute(TestNGDirectoryTestSuite.java:99)
at org.apache.maven.surefire.testng.TestNGProvider.invoke(TestNGProvider.java:106)
at sun.reflect.NativeMethodAccessorImpl.invoke0(Native Method)
at sun.reflect.NativeMethodAccessorImpl.invoke(NativeMethodAccessorImpl.java:62)
at sun.reflect.DelegatingMethodAccessorImpl.invoke(DelegatingMethodAccessorImpl.java:43)
at java.lang.reflect.Method.invoke(Method.java:498)
at org.apache.maven.surefire.util.ReflectionUtils.invokeMethodWithArray(ReflectionUtils.java:189)
at org.apache.maven.surefire.booter.ProviderFactory$ProviderProxy.invoke(ProviderFactory.java:165)
at org.apache.maven.surefire.booter.ProviderFactory.invokeProvider(ProviderFactory.java:85)
at org.apache.maven.surefire.booter.ForkedBooter.runSuitesInProcess(ForkedBooter.java:115)
at org.apache.maven.surefire.booter.ForkedBooter.main(ForkedBooter.java:75)
]]>
            </full-stacktrace>
          </exception> <!-- java.lang.AssertionError -->
          <reporter-output>
          </reporter-output>
        </test-method> <!-- logOut -->
        <test-method status="SKIP" signature="paymentCOd()[pri:0, instance:com.june.july.batch.TestNG.TestNgDemo2@62043840]" name="paymentCOd" duration-ms="0" started-at="2019-07-05T02:59:10Z" finished-at="2019-07-05T02:59:10Z">
          <exception class="org.testng.SkipException">
            <message>
              <![CDATA[Skiping this methods..]]>
            </message>
            <full-stacktrace>
              <![CDATA[org.testng.SkipException: Skiping this methods..
at com.june.july.batch.TestNG.TestNgDemo2.paymentCOd(TestNgDemo2.java:39)
at sun.reflect.NativeMethodAccessorImpl.invoke0(Native Method)
at sun.reflect.NativeMethodAccessorImpl.invoke(NativeMethodAccessorImpl.java:62)
at sun.reflect.DelegatingMethodAccessorImpl.invoke(DelegatingMethodAccessorImpl.java:43)
at java.lang.reflect.Method.invoke(Method.java:498)
at org.testng.internal.MethodInvocationHelper.invokeMethod(MethodInvocationHelper.java:124)
at org.testng.internal.Invoker.invokeMethod(Invoker.java:583)
at org.testng.internal.Invoker.invokeTestMethod(Invoker.java:719)
at org.testng.internal.Invoker.invokeTestMethods(Invoker.java:989)
at org.testng.internal.TestMethodWorker.invokeTestMethods(TestMethodWorker.java:125)
at org.testng.internal.TestMethodWorker.run(TestMethodWorker.java:109)
at org.testng.TestRunner.privateRun(TestRunner.java:648)
at org.testng.TestRunner.run(TestRunner.java:505)
at org.testng.SuiteRunner.runTest(SuiteRunner.java:455)
at org.testng.SuiteRunner.runSequentially(SuiteRunner.java:450)
at org.testng.SuiteRunner.privateRun(SuiteRunner.java:415)
at org.testng.SuiteRunner.run(SuiteRunner.java:364)
at org.testng.SuiteRunnerWorker.runSuite(SuiteRunnerWorker.java:52)
at org.testng.SuiteRunnerWorker.run(SuiteRunnerWorker.java:84)
at org.testng.TestNG.runSuitesSequentially(TestNG.java:1208)
at org.testng.TestNG.runSuitesLocally(TestNG.java:1137)
at org.testng.TestNG.runSuites(TestNG.java:1049)
at org.testng.TestNG.run(TestNG.java:1017)
at org.apache.maven.surefire.testng.TestNGExecutor.run(TestNGExecutor.java:77)
at org.apache.maven.surefire.testng.TestNGDirectoryTestSuite.executeMulti(TestNGDirectoryTestSuite.java:159)
at org.apache.maven.surefire.testng.TestNGDirectoryTestSuite.execute(TestNGDirectoryTestSuite.java:99)
at org.apache.maven.surefire.testng.TestNGProvider.invoke(TestNGProvider.java:106)
at sun.reflect.NativeMethodAccessorImpl.invoke0(Native Method)
at sun.reflect.NativeMethodAccessorImpl.invoke(NativeMethodAccessorImpl.java:62)
at sun.reflect.DelegatingMethodAccessorImpl.invoke(DelegatingMethodAccessorImpl.java:43)
at java.lang.reflect.Method.invoke(Method.java:498)
at org.apache.maven.surefire.util.ReflectionUtils.invokeMethodWithArray(ReflectionUtils.java:189)
at org.apache.maven.surefire.booter.ProviderFactory$ProviderProxy.invoke(ProviderFactory.java:165)
at org.apache.maven.surefire.booter.ProviderFactory.invokeProvider(ProviderFactory.java:85)
at org.apache.maven.surefire.booter.ForkedBooter.runSuitesInProcess(ForkedBooter.java:115)
at org.apache.maven.surefire.booter.ForkedBooter.main(ForkedBooter.java:75)
]]>
            </full-stacktrace>
          </exception> <!-- org.testng.SkipException -->
          <reporter-output>
          </reporter-output>
        </test-method> <!-- paymentCOd -->
        <test-method status="PASS" signature="pdp()[pri:0, instance:com.june.july.batch.TestNG.TestNgDemo2@62043840]" name="pdp" duration-ms="0" started-at="2019-07-05T02:59:10Z" finished-at="2019-07-05T02:59:10Z">
          <reporter-output>
          </reporter-output>
        </test-method> <!-- pdp -->
        <test-method status="PASS" signature="plp()[pri:0, instance:com.june.july.batch.TestNG.TestNgDemo2@62043840]" name="plp" duration-ms="1" started-at="2019-07-05T02:59:10Z" finished-at="2019-07-05T02:59:10Z">
          <reporter-output>
          </reporter-output>
        </test-method> <!-- plp -->
        <test-method status="PASS" signature="closeBrowser()[pri:0, instance:com.june.july.batch.TestNG.TestNgDemo2@62043840]" name="closeBrowser" is-config="true" duration-ms="190" started-at="2019-07-05T02:59:10Z" finished-at="2019-07-05T02:59:11Z">
          <reporter-output>
          </reporter-output>
        </test-method> <!-- closeBrowser -->
        <test-method status="PASS" signature="searchProduct()[pri:0, instance:com.june.july.batch.TestNG.TestNgDemo2@62043840]" name="searchProduct" duration-ms="0" started-at="2019-07-05T02:59:10Z" finished-at="2019-07-05T02:59:10Z">
          <reporter-output>
          </reporter-output>
        </test-method> <!-- searchProduct -->
      </class> <!-- com.june.july.batch.TestNG.TestNgDemo2 -->
      <class name="com.june.july.batch.TestNG.TestNgDemo4">
        <test-method status="PASS" signature="launchBrowser()[pri:0, instance:com.june.july.batch.TestNG.TestNgDemo4@2ef9b8bc]" name="launchBrowser" is-config="true" duration-ms="1742" started-at="2019-07-05T02:59:11Z" finished-at="2019-07-05T02:59:12Z">
          <reporter-output>
          </reporter-output>
        </test-method> <!-- launchBrowser -->
        <test-method status="PASS" signature="report()[pri:0, instance:com.june.july.batch.TestNG.TestNgDemo4@2ef9b8bc]" name="report" is-config="true" duration-ms="0" started-at="2019-07-05T02:59:12Z" finished-at="2019-07-05T02:59:12Z">
          <reporter-output>
          </reporter-output>
        </test-method> <!-- report -->
        <test-method status="PASS" signature="addAddress()[pri:0, instance:com.june.july.batch.TestNG.TestNgDemo4@2ef9b8bc]" name="addAddress" duration-ms="1" started-at="2019-07-05T02:59:12Z" finished-at="2019-07-05T02:59:12Z">
          <reporter-output>
          </reporter-output>
        </test-method> <!-- addAddress -->
        <test-method status="PASS" signature="report()[pri:0, instance:com.june.july.batch.TestNG.TestNgDemo4@2ef9b8bc]" name="report" is-config="true" duration-ms="0" started-at="2019-07-05T02:59:12Z" finished-at="2019-07-05T02:59:12Z">
          <reporter-output>
          </reporter-output>
        </test-method> <!-- report -->
        <test-method status="PASS" signature="addToCart()[pri:0, instance:com.june.july.batch.TestNG.TestNgDemo4@2ef9b8bc]" name="addToCart" duration-ms="1" started-at="2019-07-05T02:59:12Z" finished-at="2019-07-05T02:59:12Z">
          <reporter-output>
          </reporter-output>
        </test-method> <!-- addToCart -->
        <test-method status="PASS" signature="afterReport()[pri:0, instance:com.june.july.batch.TestNG.TestNgDemo4@2ef9b8bc]" name="afterReport" is-config="true" duration-ms="0" started-at="2019-07-05T02:59:12Z" finished-at="2019-07-05T02:59:12Z">
          <reporter-output>
          </reporter-output>
        </test-method> <!-- afterReport -->
        <test-method status="PASS" signature="afterReport()[pri:0, instance:com.june.july.batch.TestNG.TestNgDemo4@2ef9b8bc]" name="afterReport" is-config="true" duration-ms="0" started-at="2019-07-05T02:59:12Z" finished-at="2019-07-05T02:59:12Z">
          <reporter-output>
          </reporter-output>
        </test-method> <!-- afterReport -->
        <test-method status="PASS" signature="pdp()[pri:0, instance:com.june.july.batch.TestNG.TestNgDemo4@2ef9b8bc]" name="pdp" duration-ms="0" started-at="2019-07-05T02:59:12Z" finished-at="2019-07-05T02:59:12Z">
          <reporter-output>
          </reporter-output>
        </test-method> <!-- pdp -->
        <test-method status="PASS" signature="report()[pri:0, instance:com.june.july.batch.TestNG.TestNgDemo4@2ef9b8bc]" name="report" is-config="true" duration-ms="0" started-at="2019-07-05T02:59:12Z" finished-at="2019-07-05T02:59:12Z">
          <reporter-output>
          </reporter-output>
        </test-method> <!-- report -->
        <test-method status="PASS" signature="afterReport()[pri:0, instance:com.june.july.batch.TestNG.TestNgDemo4@2ef9b8bc]" name="afterReport" is-config="true" duration-ms="0" started-at="2019-07-05T02:59:12Z" finished-at="2019-07-05T02:59:12Z">
          <reporter-output>
          </reporter-output>
        </test-method> <!-- afterReport -->
        <test-method status="PASS" signature="report()[pri:0, instance:com.june.july.batch.TestNG.TestNgDemo4@2ef9b8bc]" name="report" is-config="true" duration-ms="1" started-at="2019-07-05T02:59:12Z" finished-at="2019-07-05T02:59:12Z">
          <reporter-output>
          </reporter-output>
        </test-method> <!-- report -->
        <test-method status="PASS" signature="searchProduct()[pri:0, instance:com.june.july.batch.TestNG.TestNgDemo4@2ef9b8bc]" name="searchProduct" duration-ms="0" started-at="2019-07-05T02:59:12Z" finished-at="2019-07-05T02:59:12Z">
          <reporter-output>
          </reporter-output>
        </test-method> <!-- searchProduct -->
        <test-method status="PASS" signature="afterReport()[pri:0, instance:com.june.july.batch.TestNG.TestNgDemo4@2ef9b8bc]" name="afterReport" is-config="true" duration-ms="0" started-at="2019-07-05T02:59:12Z" finished-at="2019-07-05T02:59:12Z">
          <reporter-output>
          </reporter-output>
        </test-method> <!-- afterReport -->
      </class> <!-- com.june.july.batch.TestNG.TestNgDemo4 -->
    </test> <!-- Command line test -->
  </suite> <!-- Command line suite -->
</testng-results>
