<?xml version="1.0" encoding="UTF-8"?>
<!-- Generated by org.testng.reporters.JUnitReportReporter -->
<testsuite skipped="1" hostname="Admins-MacBook-Pro-2.local" name="com.june.july.batch.TestNgDemo2" tests="7" failures="1" timestamp="04 Jul 2019 03:05:11 GMT" time="0.125" errors="0">
  <testcase name="searchProduct" time="0.001" classname="com.june.july.batch.TestNgDemo2"/>
  <testcase name="paymentCOd" time="0.001" classname="com.june.july.batch.TestNgDemo2">
    <skipped/>
  </testcase> <!-- paymentCOd -->
  <testcase name="addAddress" time="0.101" classname="com.june.july.batch.TestNgDemo2"/>
  <testcase name="logOut" time="0.010" classname="com.june.july.batch.TestNgDemo2">
    <failure type="java.lang.AssertionError" message="Fail...">
      <![CDATA[java.lang.AssertionError: Fail...
at org.testng.Assert.fail(Assert.java:96)
at com.june.july.batch.TestNgDemo2.logOut(TestNgDemo2.java:46)
at sun.reflect.NativeMethodAccessorImpl.invoke0(Native Method)
at sun.reflect.NativeMethodAccessorImpl.invoke(NativeMethodAccessorImpl.java:62)
at sun.reflect.DelegatingMethodAccessorImpl.invoke(DelegatingMethodAccessorImpl.java:43)
at java.lang.reflect.Method.invoke(Method.java:498)
at org.testng.internal.MethodInvocationHelper.invokeMethod(MethodInvocationHelper.java:124)
at org.testng.internal.Invoker.invokeMethod(Invoker.java:583)
at org.testng.internal.Invoker.invokeTestMethod(Invoker.java:719)
at org.testng.internal.Invoker.invokeTestMethods(Invoker.java:989)
at org.testng.internal.TestMethodWorker.invokeTestMethods(TestMethodWorker.java:125)
at org.testng.internal.TestMethodWorker.run(TestMethodWorker.java:109)
at java.util.concurrent.ThreadPoolExecutor.runWorker(ThreadPoolExecutor.java:1149)
at java.util.concurrent.ThreadPoolExecutor$Worker.run(ThreadPoolExecutor.java:624)
at java.lang.Thread.run(Thread.java:748)
]]>
    </failure>
  </testcase> <!-- logOut -->
  <testcase name="plp" time="0.009" classname="com.june.july.batch.TestNgDemo2"/>
  <testcase name="addToCart" time="0.001" classname="com.june.july.batch.TestNgDemo2"/>
  <testcase name="pdp" time="0.002" classname="com.june.july.batch.TestNgDemo2"/>
</testsuite> <!-- com.june.july.batch.TestNgDemo2 -->
